[1549672454797---GET---/]
[1549672454905---GET---/favicon.ico]
[1549672733314---GET---/user/register]
[1549672775529---GET---/user]
[1549672891131---GET---/user]
[1549672891845---GET---/user]
[1549672892318---GET---/user]
[1549672892550---GET---/user]
[1549673142866---GET---/user]
[1549673144424---GET---/user]
[1549673145006---GET---/user]
[1549673145242---GET---/user]
[1549673145472---GET---/user]
[1549673145705---GET---/user]
[1549673145938---GET---/user]
[1549673155186---GET---/]
[1549673167510---GET---/user]
[1549673236747---GET---/user/register]
[1549673254042---GET---/user/register]
[1549673254828---GET---/user/register]
[1549673255031---GET---/user/register]
[1549673255225---GET---/user/register]
[1549673261303---GET---/user/register]
[1549673303173---GET---/user/register]
[1549673303923---GET---/user/register]
[1549673304134---GET---/user/register]
[1549673329691---GET---/user/register]
[1549673531347---GET---/user/register]
[1549678231013---GET---/user/register]
[1549678331929---GET---/user/register]
[1549678399094---GET---/user/register]
[1549678401464---GET---/user/register]
[1549678402321---GET---/user/register]
[1549678403017---GET---/user/register]
[1549678431783---GET---/user/register]
[1549678553636---GET---/user/register]
[1549678577429---GET---/user/register]
[1549678588949---GET---/user/register]
[1549678723127---GET---/user/register]
[1549678755009---GET---/user/register]
[1549678829309---GET---/user/register]
[1549678877268---GET---/user/register/cndsjkc]
[1549678906279---GET---/user/register?name=%22ss%22&password=%221213%22]
[1549678915983---GET---/user/register?name=%22ss%22&password=%221213%22]
[1549678926284---GET---/user/register]
[1549678932050---GET---/user/register]
[1549678932776---GET---/user/register]
[1549678933009---GET---/user/register]
[1549678947130---GET---/user/register]
[1549678947752---GET---/user/register]
[1549678947953---GET---/user/register]
[1549678948238---GET---/user/register]
[1549678951570---GET---/user/register]
[1549678959312---GET---/]
[1549678962994---GET---/user]
[1549678966328---GET---/user/register]
[1549678967025---GET---/user/register]
[1549678967293---GET---/user/register]
[1549678967506---GET---/user/register]
[1549678979273---GET---/user/register]
[1549678994978---GET---/user/register]
[1549678995536---GET---/user/register]
[1549678995746---GET---/user/register]
[1549678996229---GET---/user/register]
[1549679003936---GET---/user/register]
[1549679221342---GET---/user/register]
[1549679245568---GET---/user/register]
[1549679323266---GET---/user/register?name=%22ss%22&password=%221213%22]
[1549683120068---GET---/user/register?name=%22ss%22&password=%221213%22]
[1549683144757---GET---/user/register?name=%22ss%22&password=%221213%22]
[1549683167458---GET---/user/register?name=%22ss%22&password=%221213%22]
[1549683173482---GET---/user/register?name=%22ss%22&password=%221213%22]
[1549683613390---GET---/user/register?name=%22ss%22&password=%221213%22]
[1549683617731---GET---/user/register]
[1549683678511---GET---/user/register]
[1549684588519---GET---/user/register]
[1549684787017---GET---/user/register]
[1549684800353---GET---/user/register]
[1549684801045---GET---/user/register]
[1549684801410---GET---/user/register]
[1549684801624---GET---/user/register]
[1549684801811---GET---/user/register]
[1549684801990---GET---/user/register]
[1549697594749---GET---/user/register]
[1549697622392---GET---/user/register]
[1549697669121---GET---/user/register]
[1549697669817---GET---/user/register]
[1549698317722---GET---/user/register]
[1549698318280---GET---/user/register]
[1549698318808---GET---/user/register]
[1549698319008---GET---/user/register]
[1549698319208---GET---/user/register]
[1549698578842---GET---/user/register]
[1549698579869---GET---/user/register]
[1549698656756---GET---/user/register]
[1549698678808---GET---/user/register]
[1549698695752---GET---/user/register]
[1549698698438---GET---/user/register]
[1549698724551---GET---/user/register]
[1549698803006---GET---/user/register]
[1549698839843---OPTIONS---/user/register]
[1549698876029---OPTIONS---/user/register]
[1549698916788---OPTIONS---/user/register]
[1549698968061---OPTIONS---/user/register]
[1549698996905---OPTIONS---/user/register]
[1549699064548---OPTIONS---/user/register]
[1549699132755---GET---/user/register]
[1549699162953---OPTIONS---/user/register]
[1549699226934---OPTIONS---/user/register]
[1549699229455---OPTIONS---/user/register]
[1549699234771---GET---/user/register]
[1549699256903---GET---/user/register]
[1549699264360---GET---/user/register]
[1549699292814---GET---/user/register]
[1549699311222---GET---/user/register]
[1549699315500---GET---/user/register]
[1549699322214---GET---/user/register]
[1549699328090---POST---/user/register]
[1549699376255---POST---/user/register]
[1549699383801---OPTIONS---/user/register]
[1549700340242---OPTIONS---/user/register]
[1549700375019---OPTIONS---/user/register]
[1549700391858---OPTIONS---/user/register]
[1549700405977---OPTIONS---/user/register]
[1549700415115---OPTIONS---/user/register]
[1549700423229---GET---/user/register]
[1549700503901---GET---/user/register]
[1549700504984---GET---/user/register]
[1549700519430---GET---/user/register]
[1549700520163---GET---/user/register]
[1549700524839---GET---/user/register]
[1549700535083---OPTIONS---/user/register]
[1549700601769---OPTIONS---/user/register]
[1549701238527---OPTIONS---/user/register]
[1549701545207---GET---/]
[1549701558862---OPTIONS---/user/register]
[1549701566421---OPTIONS---/user/register]
[1549701652761---OPTIONS---/user/register]
[1549701739537---OPTIONS---/user/register]
[1549702106393---GET---/user/register]
[1549702127297---GET---/user/register]
[1549702127298---GET---/user/register]
[1549702153811---GET---/user/register]
[1549702404149---POST---/user/register]
[1549702425025---POST---/user/register]
[1549702435132---POST---/user/register]
[1549702590563---POST---/user/register]
[1549702635034---POST---/user/register]
[1549702665545---POST---/user/register]
[1549702698429---POST---/user/register]
[1549702704996---POST---/user/register]
[1549702761258---POST---/user/register]
[1549702877947---POST---/user/register]
[1549703114895---POST---/user/register]
[1549703147732---POST---/user/register]
[1549703325511---POST---/user/register]
[1549703347861---GET---/login?ssd]
[1549703358416---GET---/user/login]
[1549703463222---GET---/user/login]
[1549703482335---GET---/user/login?name=%27xcc%27]
[1549703501256---POST---/user/register]
[1549703596569---POST---/user/register]
[1549703782762---POST---/user/register]
[1549704465279---POST---/user/register]
[1549704482473---POST---/user/register]
[1549704598511---POST---/user/register]
[1549704810306---POST---/user/register]
[1549704971397---POST---/user/register]
[1549705049520---POST---/user/register]
[1549706871871---POST---/user/register]
[1549707140316---POST---/user/register]
[1549710326786---POST---/user/register]
[1549710419854---POST---/user/register]
[1549712894246---POST---/user/register]
[1549712919667---POST---/user/register]
[1549712925779---POST---/user/register]
[1549712937535---POST---/user/register]
[1549712944614---POST---/user/register]
[1549712960103---POST---/user/register]
[1549713070829---POST---/user/register]
[1549713076948---POST---/user/register]
[1549713091854---POST---/user/register]
[1549713137446---POST---/user/register]
[1549713145701---POST---/user/register]
[1549714385133---POST---/user/register]
[1549714424589---POST---/user/register]
[1549715090140---POST---/user/register]
[1549715102926---POST---/user/register]
[1549716276667---POST---/user/register]
[1549716286832---POST---/user/register]
[1549716341512---POST---/user/register]
[1549716350135---POST---/user/register]
[1549718313180---POST---/user/login]
[1549718350682---POST---/user/register]
[1549718368197---POST---/user/register]
[1549718378828---POST---/user/login]
[1549718426180---POST---/user/login]
[1549718433470---POST---/user/login]
[1549718483363---POST---/user/login]
[1549718500662---POST---/user/register]
[1549718503418---POST---/user/login]
[1549719052979---POST---/user/login]
[1549719063968---POST---/user/login]
[1549719087845---POST---/user/login]
[1549719185175---POST---/user/login]
[1549719225737---POST---/user/login]
[1549719360489---POST---/user/login]
[1549719370235---POST---/user/login]
[1549719614334---POST---/user/login]
[1549719614969---POST---/user/login]
[1549719683292---POST---/user/login]
[1549719689444---POST---/user/login]
[1549719729026---POST---/user/login]
[1549719738170---POST---/user/login]
[1549719746834---POST---/user/login]
[1549719755323---POST---/user/login]
[1549719917044---POST---/user/login]
[1549719933695---POST---/user/login]
[1549761494621---OPTIONS---/user/register]
[1549761494628---POST---/user/register]
[1549761618401---OPTIONS---/user/register]
[1549761618405---POST---/user/register]
[1549771938921---OPTIONS---/user/register]
[1549771938933---POST---/user/register]
[1549798152021---OPTIONS---/user/register]
[1549798152026---POST---/user/register]
[1549798610487---OPTIONS---/user/register]
[1549798610493---POST---/user/register]
[1549798687063---OPTIONS---/user/register]
[1549798687069---POST---/user/register]
[1549798698866---OPTIONS---/user/register]
[1549798698873---POST---/user/register]
[1549798833678---OPTIONS---/user/register]
[1549802079075---OPTIONS---/user/register]
[1549802079152---POST---/user/register]
[1549802136994---OPTIONS---/user/register]
[1549802137063---POST---/user/register]
[1549802192945---OPTIONS---/user/register]
[1549802192954---POST---/user/register]
[1549802256598---OPTIONS---/user/register]
[1549802256606---POST---/user/register]
[1549802409937---OPTIONS---/user/register]
[1549802409946---POST---/user/register]
[1549802940077---OPTIONS---/user/register]
[1549802940086---POST---/user/register]
[1549803034510---OPTIONS---/user/register]
[1549803034523---POST---/user/register]
[1549807079664---POST---/api]
[1549807110752---POST---/user/register]
[1549807177622---POST---/user/register]
[1549807202514---POST---/user/register]
[1549807203265---POST---/user/register]
[1549807203814---POST---/user/register]
[1549807204017---POST---/user/register]
[1549807216051---POST---/user/register]
[1549807283630---POST---/user/register]
[1549807303990---POST---/user/register]
[1549807339553---POST---/user/register]
[1549807348813---POST---/user/register]
[1549809049729---POST---/user/register]
[1549809063965---POST---/user/register]
[1549809069634---POST---/user/register]
[1549809084516---POST---/user/register]
[1549809137053---POST---/user/register]
[1549809139008---POST---/user/register]
[1549809197727---POST---/user/register]
[1549809231543---POST---/user/register]
[1549809269883---POST---/user/register]
[1549809289718---POST---/user/register]
[1549809299577---POST---/user/register]
[1549809349241---POST---/user/register]
[1549843001641---POST---/user/register]
[1549846730064---POST---/user/register]
[1549846763752---POST---/user/register]
[1549848137112---POST---/user/register]
[1549848257877---POST---/user/register]
[1549848301874---POST---/user/register]
[1549848683041---POST---/user/register]
[1549849323349---POST---/user/register]
[1549849380854---POST---/user/register]
[1549849443180---POST---/user/register]
[1549849491433---POST---/user/register]
[1549849540940---POST---/user/register]
[1549851322439---POST---/user/register]
[1549851355244---POST---/user/register]
[1549851730811---POST---/user/register]
[1549852428307---POST---/user/register]
[1549852530890---POST---/user/register]
[1549852550320---POST---/user/register]
[1549852597886---POST---/user/register]
[1549852708180---POST---/user/register]
[1549853347467---POST---/user/register]
[1549853439731---POST---/user/register]
[1549853539422---POST---/user/login]
[1549854399109---POST---/user/register]
[1549854545945---POST---/user/login]
[1549854545946---POST---/user/login]
[1549854545945---POST---/user/login]
[1549854554386---POST---/user/login]
[1549854564881---POST---/user/login]
[1549854621555---POST---/user/login]
[1549854636202---POST---/user/login]
[1549854663196---POST---/user/login]
[1549854707206---POST---/user/login]
[1549854732499---POST---/user/login]
[1549854754166---POST---/user/login]
[1549854773228---POST---/user/login]
[1549854774725---POST---/user/login]
[1549854792294---POST---/user/login]
[1549855660117---POST---/user/login]
[1549855866180---GET---/server.js]
[1549855887436---GET---/upload]
[1549855901104---GET---/upload/06c4e08841dd46edbe6be7cacaa94a97]
[1549855940270---GET---/upload/06c4e08841dd46edbe6be7cacaa94a.png97]
[1549855954262---GET---/upload/06c4e08841dd46edbe6be7cacaa94a.png97]
[1549855963278---GET---/upload/06c4e08841dd46edbe6be7cacaa94a97]
[1549866570109---POST---/user/register]
[1549866585465---POST---/user/login]
[1549866605158---POST---/user/register]
[1549866610606---POST---/user/login]
[1549867703804---POST---/user/register]
[1549867712390---POST---/user/login]
[1549867742481---GET---/upload/1adb92892a7e4574b92caf0d9190fdfb]
[1549867749729---GET---/upload/1adb92892a7e4574b92caf0d9190fdfb]
[1549867764425---GET---/upload/1adb92892a7e4574b92caf0d9190fdfb]
[1549867785282---GET---/upload/1adb92892a7e4574b92caf0d9190fdfb]
[1549867787878---GET---/upload/1adb92892a7e4574b92caf0d9190fdfb]
[1549867811646---GET---/server]
[1549867816052---GET---/server.js]
[1549867897289---GET---/1adb92892a7e4574b92caf0d9190fdfb]
[1549867908025---GET---/1adb92892a7e4574b92caf0d9190fdfb]
[1549867920947---GET---/upload/1adb92892a7e4574b92caf0d9190fdfb]
[1549867923279---GET---/upload/1adb92892a7e4574b92caf0d9190fdfb]
[1549867929398---GET---/upload/1adb92892a7e4574b92caf0d9190fdfb]
[1549867971461---POST---/user/register]
[1549868006039---POST---/user/register]
[1549868014898---POST---/user/login]
[1549868037559---GET---/]
[1549868050791---GET---/upload/7e9f79487a3c4b389b2874ecf535f7c3]
[1549868068431---GET---/server.js]
[1549868072506---GET---/server]
[1549868076544---GET---/server.js]
[1549868159318---GET---/1.txt]
[1549868171481---GET---/1.txt]
[1549868171909---GET---/1.txt]
[1549868214082---GET---/upload_fa6f079182d6e72117fd294c9978f575.jpg]
[1549868229017---GET---/7e9f79487a3c4b389b2874ecf535f7c3]
[1549868263126---GET---/]
[1549868267209---GET---/7e9f79487a3c4b389b2874ecf535f7c3]
[1549868282551---GET---/7e9f79487a3c4b389b2874ecf535f7c3]
[1549868306780---GET---/7e9f79487a3c4b389b2874ecf535f7c3]
[1549868313026---GET---/7e9f79487a3c4b389b2874ecf535f7c3]
[1549868321009---GET---/7e9f79487a3c4b389b2874ecf535f7c3]
[1549868433438---POST---/user/register]
[1549868485457---POST---/user/register]
[1549868568091---POST---/user/register]
[1549868591532---POST---/user/register]
[1549868683129---POST---/user/register]
[1549868699930---POST---/user/login]
[1549868736179---POST---/user/login]
[1549868828787---POST---/user/register]
[1549868837754---POST---/user/login]
[1549868868945---POST---/user/register]
[1549868874868---POST---/user/register]
[1549868879136---POST---/user/login]
[1549868897716---GET---/1c0ee2ce9db4467583e052b9fca4a67c.jpg]
[1549868906175---GET---/1c0ee2ce9db4467583e052b9fca4a67c.jpg]
[1549868907369---GET---/1c0ee2ce9db4467583e052b9fca4a67c.jpg]
[1549868947400---GET---/1.txt]
[1549868954133---GET---/1.txt]
[1549868954621---GET---/1.txt]
[1549868954910---GET---/1.txt]
[1549868961690---GET---/upload/1.txt]
[1549869030014---GET---/upload/1.txt]
[1549869098446---GET---/upload/1.txt]
[1549869101645---GET---/upload/1.txt]
[1549869107406---GET---/1.txt]
[1549869109077---GET---/1.txt]
[1549869109547---GET---/1.txt]
[1549869109731---GET---/1.txt]
[1549869125205---GET---/1.txt]
[1549869126270---GET---/1.txt]
[1549869126637---GET---/1.txt]
[1549869126822---GET---/1.txt]
[1549869127037---GET---/1.txt]
[1549869131486---GET---/1.txt]
[1549869141933---GET---/1.txt]
[1549869157769---GET---/1c0ee2ce9db4467583e052b9fca4a67c.jpg]
[1549869168383---GET---/1c0ee2ce9db4467583e052b9fca4a67c.jpg]
[1549869209034---GET---/2.txt]
[1549869215939---GET---/1.txt]
[1549870306970---GET---/ss]
[1549870324781---GET---/user/ss]
[1549870396206---GET---/user/ss]
[1549870416853---GET---/user/ss]
[1549870428642---GET---/user/ss]
[1549870447768---GET---/user/ss]
[1549870611155---GET---/user/ss]
[1549870659895---GET---/user/imgs/121]
[1549870666701---GET---/user/imgs/121]
[1549870687217---GET---/user/imgs/121]
[1549872092667---GET---/1.txt]
[1549872114509---GET---/3.txt]
[1549872124289---GET---/3.txt]
[1549872146106---GET---/3.txt]
[1549872152730---GET---/3.txt]
[1549872168250---GET---/1.txt]
[1549872197423---GET---/3.txt]
[1549872203638---GET---/3.txt]
[1549872214573---GET---/2.txt]
[1549872221962---GET---/2.txt]
[1549872233085---GET---/3.txt]
[1549872267197---GET---/user/ss]
[1549872402829---GET---/user/ss]
[1549872412935---GET---/user/ss]
[1549872414094---GET---/user/ss]
[1549872423465---GET---/user/ss]
[1549872427323---GET---/user/ss]
[1549872427655---GET---/user/ss]
[1549872442127---GET---/user/ss]
[1549872854527---POST---/user/register]
[1549872860012---POST---/user/register]
[1549872889662---GET---/5beff376c5bb40e3bb4c1f15bdbac939.jpg]
[1549872901400---GET---/1.txt]
[1549872908638---GET---/1.txt]
[1549872914264---GET---/1.txt]
[1549873102138---GET---/user/ss]
[1549873121219---GET---/user/ss]
[1549873140756---GET---/a.js]
[1549873143313---GET---/a.js]
[1549873145359---GET---/a.js]
[1549873145584---GET---/a.js]
[1549873145891---GET---/a.js]
[1549873245700---GET---/a.js]
[1549873322595---GET---/user/ss]
[1549873339278---GET---/user/ss]
[1549873342227---GET---/a.js]
[1549873346628---GET---/b.js]
[1549873358601---GET---/b.js]
[1549873359105---GET---/b.js]
[1549873359312---GET---/b.js]
[1549873396187---POST---/user/register]
[1549873416696---GET---/a2b4a6de333842bfaebd4887e7ddcc90.jpg]
[1549873590778---POST---/user/login]
[1549873662014---POST---/user/login]
[1549873697982---POST---/user/login]
[1549873698008---GET---/5beff376c5bb40e3bb4c1f15bdbac939.jpg]
[1549873982865---GET---/a2b4a6de333842bfaebd4887e7ddcc90.jpg]
[1549874001510---GET---/a2b4a6de333842bfaebd4887e7ddcc90.jpg]
[1549874173387---POST---/user/register]
[1549874185507---POST---/user/login]
[1549874185522---GET---/2c5b9beb9234452bbd4535ec18795215.png]
[1549874225786---POST---/user/register]
[1549874234146---POST---/user/login]
[1549874234161---GET---/http://localhost:3000/770567f6567a414a885cd9153d273aa6.png]
[1549874253861---GET---/770567f6567a414a885cd9153d273aa6.png]
[1549874320255---POST---/user/login]
[1549874329342---POST---/user/login]
[1549876017317---POST---/user/register]
[1549876024123---POST---/user/login]
[1549876430742---POST---/user/login]
[1549876443033---POST---/user/login]
[1549876443093---GET---/0262a9cca65542e1ad62276247b5ee36.png]
[1549876633109---POST---/user/login]
[1549876633124---GET---/0262a9cca65542e1ad62276247b5ee36.png]
[1549876997749---POST---/user/login]
[1549876997765---GET---/0262a9cca65542e1ad62276247b5ee36.png]
[1549877091838---POST---/user/login]
[1549877091900---GET---/0262a9cca65542e1ad62276247b5ee36.png]
[1549877094856---GET---/0262a9cca65542e1ad62276247b5ee36.png]
[1549877095894---GET---/0262a9cca65542e1ad62276247b5ee36.png]
[1549877097635---GET---/0262a9cca65542e1ad62276247b5ee36.png]
[1549877320033---GET---/0262a9cca65542e1ad62276247b5ee36.png]
[1549877384192---POST---/user/login]
[1549877384208---GET---/0262a9cca65542e1ad62276247b5ee36.png]
[1549877388663---GET---/0262a9cca65542e1ad62276247b5ee36.png]
[1549877966451---POST---/user/login]
[1549895629333---POST---/user/login]
[1549895641000---GET---/user/logout]
[1549895646709---GET---/user/logout]
[1549895656668---GET---/0262a9cca65542e1ad62276247b5ee36.png]
[1549895681351---POST---/user/login]
[1549895681392---GET---/0262a9cca65542e1ad62276247b5ee36.png]
[1549895902869---GET---/user/logout]
[1549895912700---POST---/user/login]
[1549895949379---GET---/user/likeMusic]
[1549896029413---GET---/user/likeMusic]
[1549896040127---GET---/user/logout]
[1549896042394---GET---/user/likeMusic]
[1549896053312---POST---/user/login]
[1549896094929---GET---/user/logout]
[1549896099182---GET---/user/likeMusic]
[1549896110249---GET---/user/likeMusic]
[1549896116887---POST---/user/login]
[1549896125172---GET---/user/likeMusic]
[1549896130537---GET---/user/likeMusic]
[1549896204050---GET---/user/logout]
[1549896206706---GET---/user/likeMusic]
[1549896213324---POST---/user/login]
[1549896216513---GET---/user/likeMusic]
[1549896219507---GET---/user/likeMusic]
[1549896245772---GET---/0262a9cca65542e1ad62276247b5ee36.png]
[1549896250576---GET---/user/logout]
[1549896257589---POST---/user/login]
[1549931117057---GET---/user/logout]
[1549931124165---POST---/user/login]
[1549931199269---GET---/user/logout]
[1549931205783---POST---/user/login]
[1549931208907---GET---/user/logout]
[1549931246660---POST---/user/login]
[1549931257950---GET---/user/logout]
[1549931338804---POST---/user/login]
[1549931352013---GET---/user/logout]
[1549931358463---POST---/user/login]
[1549931826520---GET---/user/likeMusic]
[1549931838957---GET---/user/logout]
[1549931849523---GET---/user/likeMusic]
[1549931850407---GET---/user/likeMusic]
[1549931885104---GET---/user/likeMusic]
[1549931905667---GET---/user/logout]
[1549931922675---GET---/user/likeMusic]
[1549932108887---GET---/user/likeMusic]
[1549932114494---GET---/user/logout]
[1549932118172---GET---/user/likeMusic]
[1549932119384---GET---/user/likeMusic]
[1549932279617---GET---/]
[1549932281225---GET---/]
[1549932282191---GET---/]
[1549932439530---GET---/]
[1549932440069---GET---/]
[1549932440334---GET---/]
[1549932440470---GET---/]
[1549932445083---GET---/]
[1549932445984---GET---/]
[1549932485587---GET---/User/logout]
[1549932494200---GET---/user/likeMusic]
[1549932495943---GET---/user/likeMusic]
[1549932511982---GET---/User/logout]
[1549932515949---GET---/user/likeMusic]
[1549933365442---POST---/user/login]
[1549933365813---GET---/0262a9cca65542e1ad62276247b5ee36.png]
[1549933375036---GET---/user/logout]
[1549933379264---GET---/user/likeMusic]
[1549933470219---GET---/user/likeMusic]
[1549933550976---GET---/user/likeMusic]
[1549933555862---GET---/User/logout]
[1549933577050---GET---/User/logout]
[1549933580103---GET---/user/likeMusic]
[1549933581350---GET---/user/likeMusic]
[1549933706106---GET---/User/logout]
[1549933708846---GET---/user/likeMusic]
[1549933807750---POST---/user/login]
[1549933807877---GET---/0262a9cca65542e1ad62276247b5ee36.png]
[1549933814492---GET---/user/likeMusic]
[1549933826504---GET---/user/likeMusic]
[1549933832176---GET---/user/logout]
[1549933835803---GET---/user/likeMusic]
[1549933836866---GET---/user/likeMusic]
[1549933864192---GET---/user/likeMusic]
[1549933865027---GET---/user/likeMusic]
[1549933865462---GET---/user/likeMusic]
[1549933895670---POST---/user/login]
[1549933902383---GET---/user/logout]
[1549933908254---GET---/user/likeMusic]
[1549933910379---GET---/User/logout]
[1549933919933---GET---/User/logout]
[1549933920994---GET---/User/logout]
[1549933921629---GET---/User/logout]
[1549933923395---GET---/user/likeMusic]
[1549933924194---GET---/user/likeMusic]
[1549933924759---GET---/user/likeMusic]
[1549933932036---GET---/user/likeMusic]
[1549933934450---GET---/User/logout]
[1549933935435---GET---/User/logout]
[1549934022277---POST---/user/login]
[1549934022418---GET---/0262a9cca65542e1ad62276247b5ee36.png]
[1549934028175---POST---/user/logout]
[1549934132413---POST---/api]
[1549934305608---GET---/User/logout]
[1549934310162---GET---/user/likeMusic]
[1549934313306---GET---/User/logout]
[1549934374152---POST---/api]
[1549934377602---GET---/User/logout]
[1549934380650---GET---/user/likeMusic]
[1549934444771---POST---/user/api]
[1549934454122---POST---/user/api]
[1549934457733---POST---/user/api]
[1549934494968---POST---/User/api]
[1549934543709---POST---/User/api]
[1549934547025---POST---/user/api]
[1549934560766---POST---/user/api]
[1549934576013---GET---/user/likeMusic]
[1549934609049---POST---/user/login]
[1549934609172---GET---/0262a9cca65542e1ad62276247b5ee36.png]
[1549934614766---GET---/user/likeMusic]
[1549934668127---POST---/user/api]
[1549934672353---GET---/user/likeMusic]
[1549934674850---GET---/User/logout]
[1549934677233---GET---/User/logout]
[1549934681029---POST---/user/api]
[1549934684446---GET---/user/likeMusic]
[1549934736737---POST---/user/api]
[1549934743087---POST---/user/api]
[1549934746984---GET---/user/likeMusic]
[1549934753650---GET---/User/logout]
[1549934799510---POST---/user/logout]
[1549934803901---POST---/user/logout]
[1549934816044---GET---/0262a9cca65542e1ad62276247b5ee36.png]
[1549934818369---POST---/user/logout]
[1549934837217---GET---/0262a9cca65542e1ad62276247b5ee36.png]
[1549934839337---GET---/user/logout]
[1549934845209---POST---/user/login]
[1549934850188---GET---/user/logout]
[1549934859970---GET---/user/likeMusic]
[1549934866618---POST---/user/login]
[1549934870594---GET---/user/likeMusic]
[1549934950696---GET---/user/likeMusic]
[1549934953211---GET---/User/logout]
[1549934960084---GET---/user/logout]
[1549934966841---POST---/user/login]
[1549934970906---GET---/user/likeMusic]
[1549935003669---GET---/0262a9cca65542e1ad62276247b5ee36.png]
[1549935005270---GET---/user/logout]
[1549935010931---POST---/user/login]
[1549935014140---GET---/user/logout]
[1549935049513---POST---/user/login]
[1549935053411---GET---/user/likeMusic]
[1549935113605---POST---/user/api]
[1549935117398---GET---/user/likeMusic]
[1549935148314---POST---/user/api]
[1549935150570---GET---/user/likeMusic]
[1549935180514---POST---/user/api]
[1549935183225---GET---/user/likeMusic]
[1549935202575---POST---/user/api]
[1549935228540---POST---/user/api]
[1549935233447---GET---/user/likeMusic]
[1549935235695---GET---/User/logout]
[1549935236635---GET---/User/logout]
[1549935258672---POST---/user/login]
[1549935284693---POST---/user/login]
[1549935284892---GET---/0262a9cca65542e1ad62276247b5ee36.png]
[1549935290827---GET---/user/likeMusic]
[1549935342624---GET---/0262a9cca65542e1ad62276247b5ee36.png]
[1549935345349---GET---/user/logout]
[1549935353282---POST---/user/onLogin]
[1549935356163---GET---/user/likeMusic]
[1549935361054---GET---/User/logout]
[1549935373008---POST---/user/api]
[1549935383979---POST---/user/api]
[1549935387130---GET---/user/likeMusic]
[1549935402293---GET---/user/logout]
[1549935409985---POST---/user/onLogin]
[1549935412073---POST---/user/onLogin]
[1549935414944---POST---/user/onLogin]
[1549935425620---POST---/user/api]
[1549935425977---GET---/0262a9cca65542e1ad62276247b5ee36.png]
[1549935429065---GET---/user/likeMusic]
[1549935494439---POST---/user/api]
[1549935509143---POST---/user/api]
[1549935534683---POST---/user/api]
[1549935552399---POST---/user/api]
[1549935557793---GET---/user/likeMusic]
[1549935560273---GET---/User/logout]
[1549935565733---GET---/user/logout]
[1549935584489---POST---/user/api]
[1549935588362---GET---/user/likeMusic]
[1549935591402---GET---/User/logout]
[1549935617067---GET---/user/logout]
[1549935623745---POST---/user/api]
[1549935626074---GET---/user/likeMusic]
[1549935644852---GET---/user/logout]
[1549935657511---POST---/user/api]
[1549935692795---POST---/user/api]
[1549935692812---GET---/0262a9cca65542e1ad62276247b5ee36.png]
[1549935734302---POST---/user/api]
[1549935870261---GET---/user/logout]
[1549936171601---POST---/user/api]
[1549936171622---GET---/0262a9cca65542e1ad62276247b5ee36.png]
[1549936451956---GET---/User/logout]
[1549936494158---GET---/user/likeMusic]
[1549936500402---GET---/User/logout]
[1549936579043---GET---/user/logout]
[1549937174953---POST---/user/api]
[1549937186035---GET---/user/logout]
[1549937646759---POST---/user/api]
[1549937706835---POST---/user/api]
[1549937713946---GET---/user/likeMusic]
[1549937717966---GET---/User/logout]
[1549938833126---POST---/user/login]
[1549939087311---POST---/user/login]
[1549939102764---POST---/user/login]
[1549939466947---POST---/user/login]
[1549939823157---POST---/user/login]
[1549939827105---POST---/user/login]
[1549939847125---POST---/user/login]
[1549939854124---POST---/user/login]
[1549939922132---POST---/user/login]
[1549939922892---GET---/0262a9cca65542e1ad62276247b5ee36.png]
[1549940034336---GET---/user/logout]
[1549940039918---GET---/user/logout]
[1549940272354---POST---/user/login]
[1549940289483---GET---/user/likeMusic]
[1550647304570---GET---/0262a9cca65542e1ad62276247b5ee36.png]
[1550650020801---GET---/0262a9cca65542e1ad62276247b5ee36.png]
[1550650229458---GET---/0262a9cca65542e1ad62276247b5ee36.png]
[1550650254422---GET---/0262a9cca65542e1ad62276247b5ee36.png]
[1550650374523---GET---/0262a9cca65542e1ad62276247b5ee36.png]
[1550650403836---GET---/0262a9cca65542e1ad62276247b5ee36.png]
[1550650634844---GET---/0262a9cca65542e1ad62276247b5ee36.png]
[1550650666387---GET---/0262a9cca65542e1ad62276247b5ee36.png]
[1550650696306---GET---/0262a9cca65542e1ad62276247b5ee36.png]
[1550650768004---GET---/0262a9cca65542e1ad62276247b5ee36.png]
[1550650796975---GET---/0262a9cca65542e1ad62276247b5ee36.png]
[1550651335527---GET---/0262a9cca65542e1ad62276247b5ee36.png]
[1550730170909---POST---/user/register]
[1550730192065---POST---/user/register]
[1550730233942---POST---/user/register]
[1550730427142---POST---/user/register]
[1550730445803---POST---/user/login]
[1550730445842---GET---/a9743bb3d28c4b0b8941a941d00c2f9d.png]
[1550730484035---GET---/a9743bb3d28c4b0b8941a941d00c2f9d.png]
[1550730500268---GET---/a9743bb3d28c4b0b8941a941d00c2f9d.png]
[1550732966013---GET---/user/logout]
[1550732968796---GET---/user/logout]
